# JRE version: Java(TM) SE Runtime Environment (17.0.11+7) (build 17.0.11+7-LTS-207)
# Java VM: Java HotSpot(TM) 64-Bit Server VM (17.0.11+7-LTS-207, mixed mode, sharing, tiered, compressed oops, compressed class ptrs, g1 gc, windows-amd64)
GC Precious Log:
 CPUs: 4 total, 4 available
 Memory: 16288M
 Large Page Support: Disabled
 NUMA Support: Disabled
 Compressed Oops: Enabled (32-bit)
 Heap Region Size: 1M
 Heap Min Capacity: 8M
 Heap Initial Capacity: 256M
 Heap Max Capacity: 1G
 Pre-touch: Disabled
 Parallel Workers: 4
 Concurrent Workers: 1
 Concurrent Refinement Workers: 4
 Periodic GC: Disabled
Heap:
 garbage-first heap   total 265216K, used 144435K [0x00000000c0000000, 0x0000000100000000)
  region size 1024K, 1 young (1024K), 1 survivors (1024K)
 Metaspace       used 115203K, committed 116288K, reserved 1179648K
  class space    used 15500K, committed 16000K, reserved 1048576K
GC Heap History (20 events):
Event: 31.437 GC heap after
{Heap after GC invocations=32 (full 0):
 garbage-first heap   total 109568K, used 54299K [0x00000000c0000000, 0x0000000100000000)
  region size 1024K, 2 young (2048K), 2 survivors (2048K)
 Metaspace       used 112484K, committed 113408K, reserved 1179648K
  class space    used 15159K, committed 15616K, reserved 1048576K
}
Event: 31.709 GC heap before
{Heap before GC invocations=33 (full 0):
 garbage-first heap   total 109568K, used 66587K [0x00000000c0000000, 0x0000000100000000)
  region size 1024K, 10 young (10240K), 2 survivors (2048K)
 Metaspace       used 112874K, committed 113920K, reserved 1179648K
  class space    used 15201K, committed 15680K, reserved 1048576K
}
Event: 31.717 GC heap after
{Heap after GC invocations=34 (full 0):
 garbage-first heap   total 109568K, used 54860K [0x00000000c0000000, 0x0000000100000000)
  region size 1024K, 3 young (3072K), 3 survivors (3072K)
 Metaspace       used 112874K, committed 113920K, reserved 1179648K
  class space    used 15201K, committed 15680K, reserved 1048576K
}
Event: 32.220 GC heap before
{Heap before GC invocations=35 (full 0):
 garbage-first heap   total 109568K, used 70220K [0x00000000c0000000, 0x0000000100000000)
  region size 1024K, 15 young (15360K), 3 survivors (3072K)
 Metaspace       used 113498K, committed 114496K, reserved 1179648K
  class space    used 15280K, committed 15744K, reserved 1048576K
}
Event: 32.229 GC heap after
{Heap after GC invocations=36 (full 0):
 garbage-first heap   total 109568K, used 56373K [0x00000000c0000000, 0x0000000100000000)
  region size 1024K, 4 young (4096K), 4 survivors (4096K)
 Metaspace       used 113498K, committed 114496K, reserved 1179648K
  class space    used 15280K, committed 15744K, reserved 1048576K
}
Event: 33.063 GC heap before
{Heap before GC invocations=37 (full 0):
 garbage-first heap   total 135168K, used 109621K [0x00000000c0000000, 0x0000000100000000)
  region size 1024K, 35 young (35840K), 4 survivors (4096K)
 Metaspace       used 114187K, committed 115200K, reserved 1179648K
  class space    used 15351K, committed 15808K, reserved 1048576K
}
Event: 33.074 GC heap after
{Heap after GC invocations=38 (full 0):
 garbage-first heap   total 135168K, used 78282K [0x00000000c0000000, 0x0000000100000000)
  region size 1024K, 3 young (3072K), 3 survivors (3072K)
 Metaspace       used 114187K, committed 115200K, reserved 1179648K
  class space    used 15351K, committed 15808K, reserved 1048576K
}
Event: 33.651 GC heap before
{Heap before GC invocations=38 (full 0):
 garbage-first heap   total 135168K, used 110026K [0x00000000c0000000, 0x0000000100000000)
  region size 1024K, 35 young (35840K), 3 survivors (3072K)
 Metaspace       used 114631K, committed 115648K, reserved 1179648K
  class space    used 15434K, committed 15936K, reserved 1048576K
}
Event: 33.661 GC heap after
{Heap after GC invocations=39 (full 0):
 garbage-first heap   total 138240K, used 102050K [0x00000000c0000000, 0x0000000100000000)
  region size 1024K, 5 young (5120K), 5 survivors (5120K)
 Metaspace       used 114631K, committed 115648K, reserved 1179648K
  class space    used 15434K, committed 15936K, reserved 1048576K
}
Event: 33.757 GC heap before
{Heap before GC invocations=39 (full 0):
 garbage-first heap   total 138240K, used 109218K [0x00000000c0000000, 0x0000000100000000)
  region size 1024K, 13 young (13312K), 5 survivors (5120K)
 Metaspace       used 114653K, committed 115712K, reserved 1179648K
  class space    used 15434K, committed 15936K, reserved 1048576K
}
Event: 33.763 GC heap after
{Heap after GC invocations=40 (full 0):
 garbage-first heap   total 138240K, used 110324K [0x00000000c0000000, 0x0000000100000000)
  region size 1024K, 2 young (2048K), 2 survivors (2048K)
 Metaspace       used 114653K, committed 115712K, reserved 1179648K
  class space    used 15434K, committed 15936K, reserved 1048576K
}
Event: 33.777 GC heap before
{Heap before GC invocations=40 (full 0):
 garbage-first heap   total 138240K, used 113396K [0x00000000c0000000, 0x0000000100000000)
  region size 1024K, 6 young (6144K), 2 survivors (2048K)
 Metaspace       used 114653K, committed 115712K, reserved 1179648K
  class space    used 15434K, committed 15936K, reserved 1048576K
}
Event: 33.779 GC heap after
{Heap after GC invocations=41 (full 0):
 garbage-first heap   total 138240K, used 114864K [0x00000000c0000000, 0x0000000100000000)
  region size 1024K, 1 young (1024K), 1 survivors (1024K)
 Metaspace       used 114653K, committed 115712K, reserved 1179648K
  class space    used 15434K, committed 15936K, reserved 1048576K
}
Event: 33.801 GC heap before
{Heap before GC invocations=41 (full 0):
 garbage-first heap   total 138240K, used 118960K [0x00000000c0000000, 0x0000000100000000)
  region size 1024K, 6 young (6144K), 1 survivors (1024K)
 Metaspace       used 114679K, committed 115712K, reserved 1179648K
  class space    used 15434K, committed 15936K, reserved 1048576K
}
Event: 33.804 GC heap after
{Heap after GC invocations=42 (full 0):
 garbage-first heap   total 138240K, used 120169K [0x00000000c0000000, 0x0000000100000000)
  region size 1024K, 1 young (1024K), 1 survivors (1024K)
 Metaspace       used 114679K, committed 115712K, reserved 1179648K
  class space    used 15434K, committed 15936K, reserved 1048576K
}
Event: 33.849 GC heap before
{Heap before GC invocations=42 (full 0):
 garbage-first heap   total 206848K, used 124265K [0x00000000c0000000, 0x0000000100000000)
  region size 1024K, 6 young (6144K), 1 survivors (1024K)
 Metaspace       used 114727K, committed 115776K, reserved 1179648K
  class space    used 15446K, committed 15936K, reserved 1048576K
}
Event: 33.852 GC heap after
{Heap after GC invocations=43 (full 0):
 garbage-first heap   total 206848K, used 125240K [0x00000000c0000000, 0x0000000100000000)
  region size 1024K, 1 young (1024K), 1 survivors (1024K)
 Metaspace       used 114727K, committed 115776K, reserved 1179648K
  class space    used 15446K, committed 15936K, reserved 1048576K
}
Event: 33.998 GC heap before
{Heap before GC invocations=44 (full 0):
 garbage-first heap   total 206848K, used 147768K [0x00000000c0000000, 0x0000000100000000)
  region size 1024K, 24 young (24576K), 1 survivors (1024K)
 Metaspace       used 114747K, committed 115776K, reserved 1179648K
  class space    used 15448K, committed 15936K, reserved 1048576K
}
Event: 34.011 GC heap after
{Heap after GC invocations=45 (full 0):
 garbage-first heap   total 206848K, used 146019K [0x00000000c0000000, 0x0000000100000000)
  region size 1024K, 3 young (3072K), 3 survivors (3072K)
 Metaspace       used 114747K, committed 115776K, reserved 1179648K
  class space    used 15448K, committed 15936K, reserved 1048576K
}
Event: 34.981 GC heap before
{Heap before GC invocations=45 (full 0):
 garbage-first heap   total 206848K, used 159331K [0x00000000c0000000, 0x0000000100000000)
  region size 1024K, 10 young (10240K), 3 survivors (3072K)
 Metaspace       used 115203K, committed 116288K, reserved 1179648K
  class space    used 15500K, committed 16000K, reserved 1048576K
}

